# JRE version: OpenJDK Runtime Environment (8.0_162-b12) (build 1.8.0_162-8u162-b12-0ubuntu0.16.04.2-b12)
# Java VM: OpenJDK 64-Bit Server VM (25.162-b12 mixed mode linux-amd64 compressed oops)
Heap:
 PSYoungGen      total 219136K, used 109568K [0x00000000ebf00000, 0x0000000100000000, 0x0000000100000000)
  eden space 109568K, 100% used [0x00000000ebf00000,0x00000000f2a00000,0x00000000f2a00000)
  from space 109568K, 0% used [0x00000000f2a00000,0x00000000f2a00000,0x00000000f9500000)
  to   space 109568K, 0% used [0x00000000f9500000,0x00000000f9500000,0x0000000100000000)
 ParOldGen       total 658432K, used 658338K [0x00000000c3c00000, 0x00000000ebf00000, 0x00000000ebf00000)
  object space 658432K, 99% used [0x00000000c3c00000,0x00000000ebee8b48,0x00000000ebf00000)
 Metaspace       used 11498K, capacity 11578K, committed 11776K, reserved 1058816K
  class space    used 1653K, capacity 1681K, committed 1792K, reserved 1048576K
GC Heap History (10 events):
Event: 131,421 GC heap after
Heap after GC invocations=75 (full 42):
 PSYoungGen      total 219136K, used 81064K [0x00000000ebf00000, 0x0000000100000000, 0x0000000100000000)
  eden space 109568K, 73% used [0x00000000ebf00000,0x00000000f0e2a3b8,0x00000000f2a00000)
  from space 109568K, 0% used [0x00000000f2a00000,0x00000000f2a00000,0x00000000f9500000)
  to   space 109568K, 0% used [0x00000000f9500000,0x00000000f9500000,0x0000000100000000)
 ParOldGen       total 658432K, used 658341K [0x00000000c3c00000, 0x00000000ebf00000, 0x00000000ebf00000)
  object space 658432K, 99% used [0x00000000c3c00000,0x00000000ebee9418,0x00000000ebf00000)
 Metaspace       used 11490K, capacity 11578K, committed 11776K, reserved 1058816K
  class space    used 1653K, capacity 1681K, committed 1792K, reserved 1048576K
}
Event: 131,662 GC heap before
{Heap before GC invocations=76 (full 43):
 PSYoungGen      total 219136K, used 109568K [0x00000000ebf00000, 0x0000000100000000, 0x0000000100000000)
  eden space 109568K, 100% used [0x00000000ebf00000,0x00000000f2a00000,0x00000000f2a00000)
  from space 109568K, 0% used [0x00000000f2a00000,0x00000000f2a00000,0x00000000f9500000)
  to   space 109568K, 0% used [0x00000000f9500000,0x00000000f9500000,0x0000000100000000)
 ParOldGen       total 658432K, used 658341K [0x00000000c3c00000, 0x00000000ebf00000, 0x00000000ebf00000)
  object space 658432K, 99% used [0x00000000c3c00000,0x00000000ebee9418,0x00000000ebf00000)
 Metaspace       used 11492K, capacity 11578K, committed 11776K, reserved 1058816K
  class space    used 1653K, capacity 1681K, committed 1792K, reserved 1048576K
Event: 134,615 GC heap after
Heap after GC invocations=76 (full 43):
 PSYoungGen      total 219136K, used 81161K [0x00000000ebf00000, 0x0000000100000000, 0x0000000100000000)
  eden space 109568K, 74% used [0x00000000ebf00000,0x00000000f0e42658,0x00000000f2a00000)
  from space 109568K, 0% used [0x00000000f2a00000,0x00000000f2a00000,0x00000000f9500000)
  to   space 109568K, 0% used [0x00000000f9500000,0x00000000f9500000,0x0000000100000000)
 ParOldGen       total 658432K, used 658340K [0x00000000c3c00000, 0x00000000ebf00000, 0x00000000ebf00000)
  object space 658432K, 99% used [0x00000000c3c00000,0x00000000ebee9178,0x00000000ebf00000)
 Metaspace       used 11492K, capacity 11578K, committed 11776K, reserved 1058816K
  class space    used 1653K, capacity 1681K, committed 1792K, reserved 1048576K
}
Event: 134,676 GC heap before
{Heap before GC invocations=77 (full 44):
 PSYoungGen      total 219136K, used 109568K [0x00000000ebf00000, 0x0000000100000000, 0x0000000100000000)
  eden space 109568K, 100% used [0x00000000ebf00000,0x00000000f2a00000,0x00000000f2a00000)
  from space 109568K, 0% used [0x00000000f2a00000,0x00000000f2a00000,0x00000000f9500000)
  to   space 109568K, 0% used [0x00000000f9500000,0x00000000f9500000,0x0000000100000000)
 ParOldGen       total 658432K, used 658340K [0x00000000c3c00000, 0x00000000ebf00000, 0x00000000ebf00000)
  object space 658432K, 99% used [0x00000000c3c00000,0x00000000ebee9178,0x00000000ebf00000)
 Metaspace       used 11492K, capacity 11578K, committed 11776K, reserved 1058816K
  class space    used 1653K, capacity 1681K, committed 1792K, reserved 1048576K
Event: 136,097 GC heap after
Heap after GC invocations=77 (full 44):
 PSYoungGen      total 219136K, used 81375K [0x00000000ebf00000, 0x0000000100000000, 0x0000000100000000)
  eden space 109568K, 74% used [0x00000000ebf00000,0x00000000f0e77c08,0x00000000f2a00000)
  from space 109568K, 0% used [0x00000000f2a00000,0x00000000f2a00000,0x00000000f9500000)
  to   space 109568K, 0% used [0x00000000f9500000,0x00000000f9500000,0x0000000100000000)
 ParOldGen       total 658432K, used 658340K [0x00000000c3c00000, 0x00000000ebf00000, 0x00000000ebf00000)
  object space 658432K, 99% used [0x00000000c3c00000,0x00000000ebee9178,0x00000000ebf00000)
 Metaspace       used 11492K, capacity 11578K, committed 11776K, reserved 1058816K
  class space    used 1653K, capacity 1681K, committed 1792K, reserved 1048576K
}
Event: 136,427 GC heap before
{Heap before GC invocations=78 (full 45):
 PSYoungGen      total 219136K, used 109568K [0x00000000ebf00000, 0x0000000100000000, 0x0000000100000000)
  eden space 109568K, 100% used [0x00000000ebf00000,0x00000000f2a00000,0x00000000f2a00000)
  from space 109568K, 0% used [0x00000000f2a00000,0x00000000f2a00000,0x00000000f9500000)
  to   space 109568K, 0% used [0x00000000f9500000,0x00000000f9500000,0x0000000100000000)
 ParOldGen       total 658432K, used 658340K [0x00000000c3c00000, 0x00000000ebf00000, 0x00000000ebf00000)
  object space 658432K, 99% used [0x00000000c3c00000,0x00000000ebee9178,0x00000000ebf00000)
 Metaspace       used 11495K, capacity 11578K, committed 11776K, reserved 1058816K
  class space    used 1653K, capacity 1681K, committed 1792K, reserved 1048576K
Event: 139,402 GC heap after
Heap after GC invocations=78 (full 45):
 PSYoungGen      total 219136K, used 79476K [0x00000000ebf00000, 0x0000000100000000, 0x0000000100000000)
  eden space 109568K, 72% used [0x00000000ebf00000,0x00000000f0c9d3d8,0x00000000f2a00000)
  from space 109568K, 0% used [0x00000000f2a00000,0x00000000f2a00000,0x00000000f9500000)
  to   space 109568K, 0% used [0x00000000f9500000,0x00000000f9500000,0x0000000100000000)
 ParOldGen       total 658432K, used 658339K [0x00000000c3c00000, 0x00000000ebf00000, 0x00000000ebf00000)
  object space 658432K, 99% used [0x00000000c3c00000,0x00000000ebee8de8,0x00000000ebf00000)
 Metaspace       used 11495K, capacity 11578K, committed 11776K, reserved 1058816K
  class space    used 1653K, capacity 1681K, committed 1792K, reserved 1048576K
}
Event: 139,498 GC heap before
{Heap before GC invocations=79 (full 46):
 PSYoungGen      total 219136K, used 109568K [0x00000000ebf00000, 0x0000000100000000, 0x0000000100000000)
  eden space 109568K, 100% used [0x00000000ebf00000,0x00000000f2a00000,0x00000000f2a00000)
  from space 109568K, 0% used [0x00000000f2a00000,0x00000000f2a00000,0x00000000f9500000)
  to   space 109568K, 0% used [0x00000000f9500000,0x00000000f9500000,0x0000000100000000)
 ParOldGen       total 658432K, used 658339K [0x00000000c3c00000, 0x00000000ebf00000, 0x00000000ebf00000)
  object space 658432K, 99% used [0x00000000c3c00000,0x00000000ebee8de8,0x00000000ebf00000)
 Metaspace       used 11495K, capacity 11578K, committed 11776K, reserved 1058816K
  class space    used 1653K, capacity 1681K, committed 1792K, reserved 1048576K
Event: 142,590 GC heap after
Heap after GC invocations=79 (full 46):
 PSYoungGen      total 219136K, used 81260K [0x00000000ebf00000, 0x0000000100000000, 0x0000000100000000)
  eden space 109568K, 74% used [0x00000000ebf00000,0x00000000f0e5b1d8,0x00000000f2a00000)
  from space 109568K, 0% used [0x00000000f2a00000,0x00000000f2a00000,0x00000000f9500000)
  to   space 109568K, 0% used [0x00000000f9500000,0x00000000f9500000,0x0000000100000000)
 ParOldGen       total 658432K, used 658338K [0x00000000c3c00000, 0x00000000ebf00000, 0x00000000ebf00000)
  object space 658432K, 99% used [0x00000000c3c00000,0x00000000ebee8b48,0x00000000ebf00000)
 Metaspace       used 11495K, capacity 11578K, committed 11776K, reserved 1058816K
  class space    used 1653K, capacity 1681K, committed 1792K, reserved 1048576K
}
Event: 142,762 GC heap before
{Heap before GC invocations=80 (full 47):
 PSYoungGen      total 219136K, used 109568K [0x00000000ebf00000, 0x0000000100000000, 0x0000000100000000)
  eden space 109568K, 100% used [0x00000000ebf00000,0x00000000f2a00000,0x00000000f2a00000)
  from space 109568K, 0% used [0x00000000f2a00000,0x00000000f2a00000,0x00000000f9500000)
  to   space 109568K, 0% used [0x00000000f9500000,0x00000000f9500000,0x0000000100000000)
 ParOldGen       total 658432K, used 658338K [0x00000000c3c00000, 0x00000000ebf00000, 0x00000000ebf00000)
  object space 658432K, 99% used [0x00000000c3c00000,0x00000000ebee8b48,0x00000000ebf00000)
 Metaspace       used 11498K, capacity 11578K, committed 11776K, reserved 1058816K
  class space    used 1653K, capacity 1681K, committed 1792K, reserved 1048576K

