# JRE version: OpenJDK Runtime Environment (8.0_162-b12) (build 1.8.0_162-8u162-b12-0ubuntu0.16.04.2-b12)
# Java VM: OpenJDK 64-Bit Server VM (25.162-b12 mixed mode linux-amd64 compressed oops)
Heap:
 PSYoungGen      total 223232K, used 151179K [0x00000000ebf00000, 0x00000000fe880000, 0x0000000100000000)
  eden space 142848K, 73% used [0x00000000ebf00000,0x00000000f263ae00,0x00000000f4a80000)
  from space 80384K, 56% used [0x00000000f9a00000,0x00000000fc668000,0x00000000fe880000)
  to   space 80896K, 0% used [0x00000000f4a80000,0x00000000f4a80000,0x00000000f9980000)
 ParOldGen       total 644608K, used 502677K [0x00000000c3c00000, 0x00000000eb180000, 0x00000000ebf00000)
  object space 644608K, 77% used [0x00000000c3c00000,0x00000000e26e56d0,0x00000000eb180000)
 Metaspace       used 11455K, capacity 11546K, committed 11776K, reserved 1058816K
  class space    used 1655K, capacity 1713K, committed 1792K, reserved 1048576K
GC Heap History (10 events):
Event: 59,955 GC heap before
{Heap before GC invocations=91 (full 7):
 PSYoungGen      total 217088K, used 136384K [0x00000000ebf00000, 0x00000000ff380000, 0x0000000100000000)
  eden space 113664K, 100% used [0x00000000ebf00000,0x00000000f2e00000,0x00000000f2e00000)
  from space 103424K, 21% used [0x00000000f2e00000,0x00000000f4430000,0x00000000f9300000)
  to   space 98816K, 0% used [0x00000000f9300000,0x00000000f9300000,0x00000000ff380000)
 ParOldGen       total 644608K, used 502677K [0x00000000c3c00000, 0x00000000eb180000, 0x00000000ebf00000)
  object space 644608K, 77% used [0x00000000c3c00000,0x00000000e26e56d0,0x00000000eb180000)
 Metaspace       used 11455K, capacity 11546K, committed 11776K, reserved 1058816K
  class space    used 1655K, capacity 1713K, committed 1792K, reserved 1048576K
Event: 60,050 GC heap after
Heap after GC invocations=91 (full 7):
 PSYoungGen      total 215040K, used 27104K [0x00000000ebf00000, 0x00000000fed80000, 0x0000000100000000)
  eden space 122368K, 0% used [0x00000000ebf00000,0x00000000ebf00000,0x00000000f3680000)
  from space 92672K, 29% used [0x00000000f9300000,0x00000000fad78000,0x00000000fed80000)
  to   space 93696K, 0% used [0x00000000f3680000,0x00000000f3680000,0x00000000f9200000)
 ParOldGen       total 644608K, used 502677K [0x00000000c3c00000, 0x00000000eb180000, 0x00000000ebf00000)
  object space 644608K, 77% used [0x00000000c3c00000,0x00000000e26e56d0,0x00000000eb180000)
 Metaspace       used 11455K, capacity 11546K, committed 11776K, reserved 1058816K
  class space    used 1655K, capacity 1713K, committed 1792K, reserved 1048576K
}
Event: 60,416 GC heap before
{Heap before GC invocations=92 (full 7):
 PSYoungGen      total 215040K, used 149472K [0x00000000ebf00000, 0x00000000fed80000, 0x0000000100000000)
  eden space 122368K, 100% used [0x00000000ebf00000,0x00000000f3680000,0x00000000f3680000)
  from space 92672K, 29% used [0x00000000f9300000,0x00000000fad78000,0x00000000fed80000)
  to   space 93696K, 0% used [0x00000000f3680000,0x00000000f3680000,0x00000000f9200000)
 ParOldGen       total 644608K, used 502677K [0x00000000c3c00000, 0x00000000eb180000, 0x00000000ebf00000)
  object space 644608K, 77% used [0x00000000c3c00000,0x00000000e26e56d0,0x00000000eb180000)
 Metaspace       used 11455K, capacity 11546K, committed 11776K, reserved 1058816K
  class space    used 1655K, capacity 1713K, committed 1792K, reserved 1048576K
Event: 60,517 GC heap after
Heap after GC invocations=92 (full 7):
 PSYoungGen      total 216064K, used 30848K [0x00000000ebf00000, 0x00000000feb80000, 0x0000000100000000)
  eden space 122368K, 0% used [0x00000000ebf00000,0x00000000ebf00000,0x00000000f3680000)
  from space 93696K, 32% used [0x00000000f3680000,0x00000000f54a0000,0x00000000f9200000)
  to   space 88064K, 0% used [0x00000000f9580000,0x00000000f9580000,0x00000000feb80000)
 ParOldGen       total 644608K, used 502677K [0x00000000c3c00000, 0x00000000eb180000, 0x00000000ebf00000)
  object space 644608K, 77% used [0x00000000c3c00000,0x00000000e26e56d0,0x00000000eb180000)
 Metaspace       used 11455K, capacity 11546K, committed 11776K, reserved 1058816K
  class space    used 1655K, capacity 1713K, committed 1792K, reserved 1048576K
}
Event: 60,922 GC heap before
{Heap before GC invocations=93 (full 7):
 PSYoungGen      total 216064K, used 153216K [0x00000000ebf00000, 0x00000000feb80000, 0x0000000100000000)
  eden space 122368K, 100% used [0x00000000ebf00000,0x00000000f3680000,0x00000000f3680000)
  from space 93696K, 32% used [0x00000000f3680000,0x00000000f54a0000,0x00000000f9200000)
  to   space 88064K, 0% used [0x00000000f9580000,0x00000000f9580000,0x00000000feb80000)
 ParOldGen       total 644608K, used 502677K [0x00000000c3c00000, 0x00000000eb180000, 0x00000000ebf00000)
  object space 644608K, 77% used [0x00000000c3c00000,0x00000000e26e56d0,0x00000000eb180000)
 Metaspace       used 11455K, capacity 11546K, committed 11776K, reserved 1058816K
  class space    used 1655K, capacity 1713K, committed 1792K, reserved 1048576K
Event: 61,070 GC heap after
Heap after GC invocations=93 (full 7):
 PSYoungGen      total 212480K, used 36256K [0x00000000ebf00000, 0x00000000fe400000, 0x0000000100000000)
  eden space 132096K, 0% used [0x00000000ebf00000,0x00000000ebf00000,0x00000000f4000000)
  from space 80384K, 45% used [0x00000000f9580000,0x00000000fb8e8000,0x00000000fe400000)
  to   space 83968K, 0% used [0x00000000f4000000,0x00000000f4000000,0x00000000f9200000)
 ParOldGen       total 644608K, used 502677K [0x00000000c3c00000, 0x00000000eb180000, 0x00000000ebf00000)
  object space 644608K, 77% used [0x00000000c3c00000,0x00000000e26e56d0,0x00000000eb180000)
 Metaspace       used 11455K, capacity 11546K, committed 11776K, reserved 1058816K
  class space    used 1655K, capacity 1713K, committed 1792K, reserved 1048576K
}
Event: 61,470 GC heap before
{Heap before GC invocations=94 (full 7):
 PSYoungGen      total 212480K, used 168352K [0x00000000ebf00000, 0x00000000fe400000, 0x0000000100000000)
  eden space 132096K, 100% used [0x00000000ebf00000,0x00000000f4000000,0x00000000f4000000)
  from space 80384K, 45% used [0x00000000f9580000,0x00000000fb8e8000,0x00000000fe400000)
  to   space 83968K, 0% used [0x00000000f4000000,0x00000000f4000000,0x00000000f9200000)
 ParOldGen       total 644608K, used 502677K [0x00000000c3c00000, 0x00000000eb180000, 0x00000000ebf00000)
  object space 644608K, 77% used [0x00000000c3c00000,0x00000000e26e56d0,0x00000000eb180000)
 Metaspace       used 11455K, capacity 11546K, committed 11776K, reserved 1058816K
  class space    used 1655K, capacity 1713K, committed 1792K, reserved 1048576K
Event: 61,591 GC heap after
Heap after GC invocations=94 (full 7):
 PSYoungGen      total 216064K, used 40704K [0x00000000ebf00000, 0x00000000fe980000, 0x0000000100000000)
  eden space 132096K, 0% used [0x00000000ebf00000,0x00000000ebf00000,0x00000000f4000000)
  from space 83968K, 48% used [0x00000000f4000000,0x00000000f67c0000,0x00000000f9200000)
  to   space 81408K, 0% used [0x00000000f9a00000,0x00000000f9a00000,0x00000000fe980000)
 ParOldGen       total 644608K, used 502677K [0x00000000c3c00000, 0x00000000eb180000, 0x00000000ebf00000)
  object space 644608K, 77% used [0x00000000c3c00000,0x00000000e26e56d0,0x00000000eb180000)
 Metaspace       used 11455K, capacity 11546K, committed 11776K, reserved 1058816K
  class space    used 1655K, capacity 1713K, committed 1792K, reserved 1048576K
}
Event: 62,007 GC heap before
{Heap before GC invocations=95 (full 7):
 PSYoungGen      total 216064K, used 172800K [0x00000000ebf00000, 0x00000000fe980000, 0x0000000100000000)
  eden space 132096K, 100% used [0x00000000ebf00000,0x00000000f4000000,0x00000000f4000000)
  from space 83968K, 48% used [0x00000000f4000000,0x00000000f67c0000,0x00000000f9200000)
  to   space 81408K, 0% used [0x00000000f9a00000,0x00000000f9a00000,0x00000000fe980000)
 ParOldGen       total 644608K, used 502677K [0x00000000c3c00000, 0x00000000eb180000, 0x00000000ebf00000)
  object space 644608K, 77% used [0x00000000c3c00000,0x00000000e26e56d0,0x00000000eb180000)
 Metaspace       used 11455K, capacity 11546K, committed 11776K, reserved 1058816K
  class space    used 1655K, capacity 1713K, committed 1792K, reserved 1048576K
Event: 62,142 GC heap after
Heap after GC invocations=95 (full 7):
 PSYoungGen      total 223232K, used 45472K [0x00000000ebf00000, 0x00000000fe880000, 0x0000000100000000)
  eden space 142848K, 0% used [0x00000000ebf00000,0x00000000ebf00000,0x00000000f4a80000)
  from space 80384K, 56% used [0x00000000f9a00000,0x00000000fc668000,0x00000000fe880000)
  to   space 80896K, 0% used [0x00000000f4a80000,0x00000000f4a80000,0x00000000f9980000)
 ParOldGen       total 644608K, used 502677K [0x00000000c3c00000, 0x00000000eb180000, 0x00000000ebf00000)
  object space 644608K, 77% used [0x00000000c3c00000,0x00000000e26e56d0,0x00000000eb180000)
 Metaspace       used 11455K, capacity 11546K, committed 11776K, reserved 1058816K
  class space    used 1655K, capacity 1713K, committed 1792K, reserved 1048576K
}

