# JRE version: OpenJDK Runtime Environment (8.0_162-b12) (build 1.8.0_162-8u162-b12-0ubuntu0.16.04.2-b12)
# Java VM: OpenJDK 64-Bit Server VM (25.162-b12 mixed mode linux-amd64 compressed oops)
Heap:
 PSYoungGen      total 245760K, used 167424K [0x00000000ebf00000, 0x00000000ffc80000, 0x0000000100000000)
  eden space 167424K, 100% used [0x00000000ebf00000,0x00000000f6280000,0x00000000f6280000)
  from space 78336K, 0% used [0x00000000fb000000,0x00000000fb000000,0x00000000ffc80000)
  to   space 78848K, 0% used [0x00000000f6280000,0x00000000f6280000,0x00000000faf80000)
 ParOldGen       total 658432K, used 658405K [0x00000000c3c00000, 0x00000000ebf00000, 0x00000000ebf00000)
  object space 658432K, 99% used [0x00000000c3c00000,0x00000000ebef9518,0x00000000ebf00000)
 Metaspace       used 9672K, capacity 9840K, committed 9984K, reserved 1058816K
  class space    used 1380K, capacity 1424K, committed 1536K, reserved 1048576K
GC Heap History (10 events):
Event: 238,822 GC heap after
Heap after GC invocations=162 (full 34):
 PSYoungGen      total 245760K, used 82273K [0x00000000ebf00000, 0x00000000ffc80000, 0x0000000100000000)
  eden space 167424K, 49% used [0x00000000ebf00000,0x00000000f0f58610,0x00000000f6280000)
  from space 78336K, 0% used [0x00000000fb000000,0x00000000fb000000,0x00000000ffc80000)
  to   space 78848K, 0% used [0x00000000f6280000,0x00000000f6280000,0x00000000faf80000)
 ParOldGen       total 658432K, used 658069K [0x00000000c3c00000, 0x00000000ebf00000, 0x00000000ebf00000)
  object space 658432K, 99% used [0x00000000c3c00000,0x00000000ebea5670,0x00000000ebf00000)
 Metaspace       used 9672K, capacity 9840K, committed 9984K, reserved 1058816K
  class space    used 1380K, capacity 1424K, committed 1536K, reserved 1048576K
}
Event: 239,054 GC heap before
{Heap before GC invocations=163 (full 35):
 PSYoungGen      total 245760K, used 167424K [0x00000000ebf00000, 0x00000000ffc80000, 0x0000000100000000)
  eden space 167424K, 100% used [0x00000000ebf00000,0x00000000f6280000,0x00000000f6280000)
  from space 78336K, 0% used [0x00000000fb000000,0x00000000fb000000,0x00000000ffc80000)
  to   space 78848K, 0% used [0x00000000f6280000,0x00000000f6280000,0x00000000faf80000)
 ParOldGen       total 658432K, used 658069K [0x00000000c3c00000, 0x00000000ebf00000, 0x00000000ebf00000)
  object space 658432K, 99% used [0x00000000c3c00000,0x00000000ebea5670,0x00000000ebf00000)
 Metaspace       used 9672K, capacity 9840K, committed 9984K, reserved 1058816K
  class space    used 1380K, capacity 1424K, committed 1536K, reserved 1048576K
Event: 242,916 GC heap after
Heap after GC invocations=163 (full 35):
 PSYoungGen      total 245760K, used 83199K [0x00000000ebf00000, 0x00000000ffc80000, 0x0000000100000000)
  eden space 167424K, 49% used [0x00000000ebf00000,0x00000000f103ffe0,0x00000000f6280000)
  from space 78336K, 0% used [0x00000000fb000000,0x00000000fb000000,0x00000000ffc80000)
  to   space 78848K, 0% used [0x00000000f6280000,0x00000000f6280000,0x00000000faf80000)
 ParOldGen       total 658432K, used 658314K [0x00000000c3c00000, 0x00000000ebf00000, 0x00000000ebf00000)
  object space 658432K, 99% used [0x00000000c3c00000,0x00000000ebee29e0,0x00000000ebf00000)
 Metaspace       used 9672K, capacity 9840K, committed 9984K, reserved 1058816K
  class space    used 1380K, capacity 1424K, committed 1536K, reserved 1048576K
}
Event: 243,138 GC heap before
{Heap before GC invocations=164 (full 36):
 PSYoungGen      total 245760K, used 167424K [0x00000000ebf00000, 0x00000000ffc80000, 0x0000000100000000)
  eden space 167424K, 100% used [0x00000000ebf00000,0x00000000f6280000,0x00000000f6280000)
  from space 78336K, 0% used [0x00000000fb000000,0x00000000fb000000,0x00000000ffc80000)
  to   space 78848K, 0% used [0x00000000f6280000,0x00000000f6280000,0x00000000faf80000)
 ParOldGen       total 658432K, used 658314K [0x00000000c3c00000, 0x00000000ebf00000, 0x00000000ebf00000)
  object space 658432K, 99% used [0x00000000c3c00000,0x00000000ebee29e0,0x00000000ebf00000)
 Metaspace       used 9672K, capacity 9840K, committed 9984K, reserved 1058816K
  class space    used 1380K, capacity 1424K, committed 1536K, reserved 1048576K
Event: 251,022 GC heap after
Heap after GC invocations=164 (full 36):
 PSYoungGen      total 245760K, used 84270K [0x00000000ebf00000, 0x00000000ffc80000, 0x0000000100000000)
  eden space 167424K, 50% used [0x00000000ebf00000,0x00000000f114bbd8,0x00000000f6280000)
  from space 78336K, 0% used [0x00000000fb000000,0x00000000fb000000,0x00000000ffc80000)
  to   space 78848K, 0% used [0x00000000f6280000,0x00000000f6280000,0x00000000faf80000)
 ParOldGen       total 658432K, used 658070K [0x00000000c3c00000, 0x00000000ebf00000, 0x00000000ebf00000)
  object space 658432K, 99% used [0x00000000c3c00000,0x00000000ebea5b18,0x00000000ebf00000)
 Metaspace       used 9672K, capacity 9840K, committed 9984K, reserved 1058816K
  class space    used 1380K, capacity 1424K, committed 1536K, reserved 1048576K
}
Event: 251,259 GC heap before
{Heap before GC invocations=165 (full 37):
 PSYoungGen      total 245760K, used 167424K [0x00000000ebf00000, 0x00000000ffc80000, 0x0000000100000000)
  eden space 167424K, 100% used [0x00000000ebf00000,0x00000000f6280000,0x00000000f6280000)
  from space 78336K, 0% used [0x00000000fb000000,0x00000000fb000000,0x00000000ffc80000)
  to   space 78848K, 0% used [0x00000000f6280000,0x00000000f6280000,0x00000000faf80000)
 ParOldGen       total 658432K, used 658070K [0x00000000c3c00000, 0x00000000ebf00000, 0x00000000ebf00000)
  object space 658432K, 99% used [0x00000000c3c00000,0x00000000ebea5b18,0x00000000ebf00000)
 Metaspace       used 9672K, capacity 9840K, committed 9984K, reserved 1058816K
  class space    used 1380K, capacity 1424K, committed 1536K, reserved 1048576K
Event: 260,155 GC heap after
Heap after GC invocations=165 (full 37):
 PSYoungGen      total 245760K, used 85619K [0x00000000ebf00000, 0x00000000ffc80000, 0x0000000100000000)
  eden space 167424K, 51% used [0x00000000ebf00000,0x00000000f129ce60,0x00000000f6280000)
  from space 78336K, 0% used [0x00000000fb000000,0x00000000fb000000,0x00000000ffc80000)
  to   space 78848K, 0% used [0x00000000f6280000,0x00000000f6280000,0x00000000faf80000)
 ParOldGen       total 658432K, used 658261K [0x00000000c3c00000, 0x00000000ebf00000, 0x00000000ebf00000)
  object space 658432K, 99% used [0x00000000c3c00000,0x00000000ebed5668,0x00000000ebf00000)
 Metaspace       used 9672K, capacity 9840K, committed 9984K, reserved 1058816K
  class space    used 1380K, capacity 1424K, committed 1536K, reserved 1048576K
}
Event: 260,390 GC heap before
{Heap before GC invocations=166 (full 38):
 PSYoungGen      total 245760K, used 167424K [0x00000000ebf00000, 0x00000000ffc80000, 0x0000000100000000)
  eden space 167424K, 100% used [0x00000000ebf00000,0x00000000f6280000,0x00000000f6280000)
  from space 78336K, 0% used [0x00000000fb000000,0x00000000fb000000,0x00000000ffc80000)
  to   space 78848K, 0% used [0x00000000f6280000,0x00000000f6280000,0x00000000faf80000)
 ParOldGen       total 658432K, used 658261K [0x00000000c3c00000, 0x00000000ebf00000, 0x00000000ebf00000)
  object space 658432K, 99% used [0x00000000c3c00000,0x00000000ebed5668,0x00000000ebf00000)
 Metaspace       used 9672K, capacity 9840K, committed 9984K, reserved 1058816K
  class space    used 1380K, capacity 1424K, committed 1536K, reserved 1048576K
Event: 265,383 GC heap after
Heap after GC invocations=166 (full 38):
 PSYoungGen      total 245760K, used 87152K [0x00000000ebf00000, 0x00000000ffc80000, 0x0000000100000000)
  eden space 167424K, 52% used [0x00000000ebf00000,0x00000000f141c150,0x00000000f6280000)
  from space 78336K, 0% used [0x00000000fb000000,0x00000000fb000000,0x00000000ffc80000)
  to   space 78848K, 0% used [0x00000000f6280000,0x00000000f6280000,0x00000000faf80000)
 ParOldGen       total 658432K, used 658405K [0x00000000c3c00000, 0x00000000ebf00000, 0x00000000ebf00000)
  object space 658432K, 99% used [0x00000000c3c00000,0x00000000ebef9518,0x00000000ebf00000)
 Metaspace       used 9672K, capacity 9840K, committed 9984K, reserved 1058816K
  class space    used 1380K, capacity 1424K, committed 1536K, reserved 1048576K
}
Event: 265,606 GC heap before
{Heap before GC invocations=167 (full 39):
 PSYoungGen      total 245760K, used 167424K [0x00000000ebf00000, 0x00000000ffc80000, 0x0000000100000000)
  eden space 167424K, 100% used [0x00000000ebf00000,0x00000000f6280000,0x00000000f6280000)
  from space 78336K, 0% used [0x00000000fb000000,0x00000000fb000000,0x00000000ffc80000)
  to   space 78848K, 0% used [0x00000000f6280000,0x00000000f6280000,0x00000000faf80000)
 ParOldGen       total 658432K, used 658405K [0x00000000c3c00000, 0x00000000ebf00000, 0x00000000ebf00000)
  object space 658432K, 99% used [0x00000000c3c00000,0x00000000ebef9518,0x00000000ebf00000)
 Metaspace       used 9672K, capacity 9840K, committed 9984K, reserved 1058816K
  class space    used 1380K, capacity 1424K, committed 1536K, reserved 1048576K

