# JRE version: OpenJDK Runtime Environment (8.0_162-b12) (build 1.8.0_162-8u162-b12-0ubuntu0.16.04.2-b12)
# Java VM: OpenJDK 64-Bit Server VM (25.162-b12 mixed mode linux-amd64 compressed oops)
Heap:
 PSYoungGen      total 246784K, used 195962K [0x00000000ebf00000, 0x00000000ffd00000, 0x0000000100000000)
  eden space 166912K, 99% used [0x00000000ebf00000,0x00000000f61ffff8,0x00000000f6200000)
  from space 79872K, 36% used [0x00000000faf00000,0x00000000fcb5e848,0x00000000ffd00000)
  to   space 78848K, 0% used [0x00000000f6200000,0x00000000f6200000,0x00000000faf00000)
 ParOldGen       total 658432K, used 658197K [0x00000000c3c00000, 0x00000000ebf00000, 0x00000000ebf00000)
  object space 658432K, 99% used [0x00000000c3c00000,0x00000000ebec5768,0x00000000ebf00000)
 Metaspace       used 11468K, capacity 11546K, committed 11776K, reserved 1058816K
  class space    used 1655K, capacity 1713K, committed 1792K, reserved 1048576K
GC Heap History (10 events):
Event: 91,779 GC heap after
Heap after GC invocations=132 (full 7):
 PSYoungGen      total 240128K, used 67456K [0x00000000ebf00000, 0x00000000ffc00000, 0x0000000100000000)
  eden space 156672K, 0% used [0x00000000ebf00000,0x00000000ebf00000,0x00000000f5800000)
  from space 83456K, 80% used [0x00000000f5800000,0x00000000f99e0000,0x00000000fa980000)
  to   space 81920K, 0% used [0x00000000fac00000,0x00000000fac00000,0x00000000ffc00000)
 ParOldGen       total 658432K, used 638584K [0x00000000c3c00000, 0x00000000ebf00000, 0x00000000ebf00000)
  object space 658432K, 96% used [0x00000000c3c00000,0x00000000eab9e138,0x00000000ebf00000)
 Metaspace       used 11468K, capacity 11546K, committed 11776K, reserved 1058816K
  class space    used 1655K, capacity 1713K, committed 1792K, reserved 1048576K
}
Event: 92,227 GC heap before
{Heap before GC invocations=133 (full 7):
 PSYoungGen      total 240128K, used 224128K [0x00000000ebf00000, 0x00000000ffc00000, 0x0000000100000000)
  eden space 156672K, 100% used [0x00000000ebf00000,0x00000000f5800000,0x00000000f5800000)
  from space 83456K, 80% used [0x00000000f5800000,0x00000000f99e0000,0x00000000fa980000)
  to   space 81920K, 0% used [0x00000000fac00000,0x00000000fac00000,0x00000000ffc00000)
 ParOldGen       total 658432K, used 638584K [0x00000000c3c00000, 0x00000000ebf00000, 0x00000000ebf00000)
  object space 658432K, 96% used [0x00000000c3c00000,0x00000000eab9e138,0x00000000ebf00000)
 Metaspace       used 11468K, capacity 11546K, committed 11776K, reserved 1058816K
  class space    used 1655K, capacity 1713K, committed 1792K, reserved 1048576K
Event: 92,390 GC heap after
Heap after GC invocations=133 (full 7):
 PSYoungGen      total 243712K, used 65536K [0x00000000ebf00000, 0x00000000ffc80000, 0x0000000100000000)
  eden space 161792K, 0% used [0x00000000ebf00000,0x00000000ebf00000,0x00000000f5d00000)
  from space 81920K, 80% used [0x00000000fac00000,0x00000000fec00000,0x00000000ffc00000)
  to   space 80896K, 0% used [0x00000000f5d00000,0x00000000f5d00000,0x00000000fac00000)
 ParOldGen       total 658432K, used 644136K [0x00000000c3c00000, 0x00000000ebf00000, 0x00000000ebf00000)
  object space 658432K, 97% used [0x00000000c3c00000,0x00000000eb10a138,0x00000000ebf00000)
 Metaspace       used 11468K, capacity 11546K, committed 11776K, reserved 1058816K
  class space    used 1655K, capacity 1713K, committed 1792K, reserved 1048576K
}
Event: 92,902 GC heap before
{Heap before GC invocations=134 (full 7):
 PSYoungGen      total 243712K, used 227328K [0x00000000ebf00000, 0x00000000ffc80000, 0x0000000100000000)
  eden space 161792K, 100% used [0x00000000ebf00000,0x00000000f5d00000,0x00000000f5d00000)
  from space 81920K, 80% used [0x00000000fac00000,0x00000000fec00000,0x00000000ffc00000)
  to   space 80896K, 0% used [0x00000000f5d00000,0x00000000f5d00000,0x00000000fac00000)
 ParOldGen       total 658432K, used 644136K [0x00000000c3c00000, 0x00000000ebf00000, 0x00000000ebf00000)
  object space 658432K, 97% used [0x00000000c3c00000,0x00000000eb10a138,0x00000000ebf00000)
 Metaspace       used 11468K, capacity 11546K, committed 11776K, reserved 1058816K
  class space    used 1655K, capacity 1713K, committed 1792K, reserved 1048576K
Event: 93,070 GC heap after
Heap after GC invocations=134 (full 7):
 PSYoungGen      total 242688K, used 68000K [0x00000000ebf00000, 0x00000000ffd00000, 0x0000000100000000)
  eden space 161792K, 0% used [0x00000000ebf00000,0x00000000ebf00000,0x00000000f5d00000)
  from space 80896K, 84% used [0x00000000f5d00000,0x00000000f9f68000,0x00000000fac00000)
  to   space 79872K, 0% used [0x00000000faf00000,0x00000000faf00000,0x00000000ffd00000)
 ParOldGen       total 658432K, used 647168K [0x00000000c3c00000, 0x00000000ebf00000, 0x00000000ebf00000)
  object space 658432K, 98% used [0x00000000c3c00000,0x00000000eb400138,0x00000000ebf00000)
 Metaspace       used 11468K, capacity 11546K, committed 11776K, reserved 1058816K
  class space    used 1655K, capacity 1713K, committed 1792K, reserved 1048576K
}
Event: 93,522 GC heap before
{Heap before GC invocations=135 (full 7):
 PSYoungGen      total 242688K, used 229792K [0x00000000ebf00000, 0x00000000ffd00000, 0x0000000100000000)
  eden space 161792K, 100% used [0x00000000ebf00000,0x00000000f5d00000,0x00000000f5d00000)
  from space 80896K, 84% used [0x00000000f5d00000,0x00000000f9f68000,0x00000000fac00000)
  to   space 79872K, 0% used [0x00000000faf00000,0x00000000faf00000,0x00000000ffd00000)
 ParOldGen       total 658432K, used 647168K [0x00000000c3c00000, 0x00000000ebf00000, 0x00000000ebf00000)
  object space 658432K, 98% used [0x00000000c3c00000,0x00000000eb400138,0x00000000ebf00000)
 Metaspace       used 11468K, capacity 11546K, committed 11776K, reserved 1058816K
  class space    used 1655K, capacity 1713K, committed 1792K, reserved 1048576K
Event: 93,685 GC heap after
Heap after GC invocations=135 (full 7):
 PSYoungGen      total 246784K, used 64960K [0x00000000ebf00000, 0x00000000ffd00000, 0x0000000100000000)
  eden space 166912K, 0% used [0x00000000ebf00000,0x00000000ebf00000,0x00000000f6200000)
  from space 79872K, 81% used [0x00000000faf00000,0x00000000fee70000,0x00000000ffd00000)
  to   space 78848K, 0% used [0x00000000f6200000,0x00000000f6200000,0x00000000faf00000)
 ParOldGen       total 658432K, used 653208K [0x00000000c3c00000, 0x00000000ebf00000, 0x00000000ebf00000)
  object space 658432K, 99% used [0x00000000c3c00000,0x00000000eb9e6138,0x00000000ebf00000)
 Metaspace       used 11468K, capacity 11546K, committed 11776K, reserved 1058816K
  class space    used 1655K, capacity 1713K, committed 1792K, reserved 1048576K
}
Event: 93,685 GC heap before
{Heap before GC invocations=136 (full 8):
 PSYoungGen      total 246784K, used 64960K [0x00000000ebf00000, 0x00000000ffd00000, 0x0000000100000000)
  eden space 166912K, 0% used [0x00000000ebf00000,0x00000000ebf00000,0x00000000f6200000)
  from space 79872K, 81% used [0x00000000faf00000,0x00000000fee70000,0x00000000ffd00000)
  to   space 78848K, 0% used [0x00000000f6200000,0x00000000f6200000,0x00000000faf00000)
 ParOldGen       total 658432K, used 653208K [0x00000000c3c00000, 0x00000000ebf00000, 0x00000000ebf00000)
  object space 658432K, 99% used [0x00000000c3c00000,0x00000000eb9e6138,0x00000000ebf00000)
 Metaspace       used 11468K, capacity 11546K, committed 11776K, reserved 1058816K
  class space    used 1655K, capacity 1713K, committed 1792K, reserved 1048576K
Event: 100,469 GC heap after
Heap after GC invocations=136 (full 8):
 PSYoungGen      total 246784K, used 29050K [0x00000000ebf00000, 0x00000000ffd00000, 0x0000000100000000)
  eden space 166912K, 0% used [0x00000000ebf00000,0x00000000ebf00000,0x00000000f6200000)
  from space 79872K, 36% used [0x00000000faf00000,0x00000000fcb5e848,0x00000000ffd00000)
  to   space 78848K, 0% used [0x00000000f6200000,0x00000000f6200000,0x00000000faf00000)
 ParOldGen       total 658432K, used 658197K [0x00000000c3c00000, 0x00000000ebf00000, 0x00000000ebf00000)
  object space 658432K, 99% used [0x00000000c3c00000,0x00000000ebec5768,0x00000000ebf00000)
 Metaspace       used 11468K, capacity 11546K, committed 11776K, reserved 1058816K
  class space    used 1655K, capacity 1713K, committed 1792K, reserved 1048576K
}
Event: 100,987 GC heap before
{Heap before GC invocations=137 (full 9):
 PSYoungGen      total 246784K, used 195962K [0x00000000ebf00000, 0x00000000ffd00000, 0x0000000100000000)
  eden space 166912K, 99% used [0x00000000ebf00000,0x00000000f61ffff8,0x00000000f6200000)
  from space 79872K, 36% used [0x00000000faf00000,0x00000000fcb5e848,0x00000000ffd00000)
  to   space 78848K, 0% used [0x00000000f6200000,0x00000000f6200000,0x00000000faf00000)
 ParOldGen       total 658432K, used 658197K [0x00000000c3c00000, 0x00000000ebf00000, 0x00000000ebf00000)
  object space 658432K, 99% used [0x00000000c3c00000,0x00000000ebec5768,0x00000000ebf00000)
 Metaspace       used 11468K, capacity 11546K, committed 11776K, reserved 1058816K
  class space    used 1655K, capacity 1713K, committed 1792K, reserved 1048576K

